<?xml version="1.0" encoding="UTF-8"?>
<testng-results skipped="0" failed="0" ignored="0" total="1" passed="1">
  <reporter-output>
  </reporter-output>
  <suite name="Default suite" duration-ms="14157" started-at="2021-09-03T07:33:22Z" finished-at="2021-09-03T07:33:36Z">
    <groups>
    </groups>
    <test name="Default test" duration-ms="14157" started-at="2021-09-03T07:33:22Z" finished-at="2021-09-03T07:33:36Z">
      <class name="testng_package.Practice1">
        <test-method status="PASS" signature="logintest(java.lang.String, java.lang.String)[pri:0, instance:testng_package.Practice1@735b5592]" name="logintest" duration-ms="14110" started-at="2021-09-03T07:33:22Z" data-provider="logindata" finished-at="2021-09-03T07:33:36Z">
          <params>
            <param index="0">
              <value>
                <![CDATA[standard_user]]>
              </value>
            </param>
            <param index="1">
              <value>
                <![CDATA[secret_sauce]]>
              </value>
            </param>
          </params>
          <reporter-output>
          </reporter-output>
        </test-method> <!-- logintest -->
      </class> <!-- testng_package.Practice1 -->
    </test> <!-- Default test -->
  </suite> <!-- Default suite -->
</testng-results>
