<?xml version="1.0" encoding="UTF-8"?>
<!-- Generated by org.testng.reporters.JUnitReportReporter -->
<testsuite skipped="0" hostname="Gopal-PC" name="testng_package.Beforetest_beforemethod" tests="2" failures="0" timestamp="02 Aug 2021 07:58:32 GMT" time="0.010" errors="0">
  <testcase name="t1" time="0.007" classname="testng_package.Beforetest_beforemethod"/>
  <testcase name="t2" time="0.003" classname="testng_package.Beforetest_beforemethod"/>
</testsuite> <!-- testng_package.Beforetest_beforemethod -->
