<?xml version="1.0" encoding="UTF-8"?>
<!-- Generated by org.testng.reporters.JUnitXMLReporter -->
<testsuite hostname="Gopal-PC" ignored="0" name="Test" tests="3" failures="0" timestamp="02 Aug 2021 14:18:43 GMT" time="21.114" errors="0">
  <testcase name="t1" time="0.007" classname="testng_package.Beforetest_beforemethod_2aug"/>
  <testcase name="t2" time="0.002" classname="testng_package.Beforetest_beforemethod_2aug"/>
  <testcase name="titiletest" time="21.055" classname="testng_package.Assertios_hardassert_2aug"/>
</testsuite> <!-- Test -->
